<?xml version="1.0" encoding="UTF-8"?>
<testng-results skipped="0" failed="0" total="7" passed="7">
  <reporter-output>
  </reporter-output>
  <suite name="Suite" duration-ms="132787" started-at="2016-11-21T06:21:27Z" finished-at="2016-11-21T06:23:40Z">
    <groups>
    </groups>
    <test name="Test" duration-ms="107086" started-at="2016-11-21T06:21:27Z" finished-at="2016-11-21T06:23:15Z">
      <class name="com.myvidessa.tst.MyvidessaLoginTest">
        <test-method status="PASS" signature="initializeLogging()[pri:0, instance:com.myvidessa.tst.MyvidessaLoginTest@4566e5bd]" name="initializeLogging" is-config="true" duration-ms="391" started-at="2016-11-21T11:51:27Z" finished-at="2016-11-21T11:51:28Z">
          <reporter-output>
          </reporter-output>
        </test-method> <!-- initializeLogging -->
        <test-method status="PASS" signature="setup()[pri:0, instance:com.myvidessa.tst.MyvidessaLoginTest@4566e5bd]" name="setup" is-config="true" duration-ms="16648" started-at="2016-11-21T11:51:28Z" finished-at="2016-11-21T11:51:45Z">
          <reporter-output>
          </reporter-output>
        </test-method> <!-- setup -->
        <test-method status="PASS" signature="loginWithValidCredentials(java.lang.String, java.lang.String)[pri:0, instance:com.myvidessa.tst.MyvidessaLoginTest@4566e5bd]" name="loginWithValidCredentials" duration-ms="22285" started-at="2016-11-21T11:51:45Z" data-provider="validlogincredentials" finished-at="2016-11-21T11:52:07Z">
          <params>
            <param index="0">
              <value>
                <![CDATA[ruchi@samitsolutions.com]]>
              </value>
            </param>
            <param index="1">
              <value>
                <![CDATA[Rpm@123]]>
              </value>
            </param>
          </params>
          <reporter-output>
          </reporter-output>
        </test-method> <!-- loginWithValidCredentials -->
        <test-method status="PASS" signature="closeBrowser()[pri:0, instance:com.myvidessa.tst.MyvidessaLoginTest@4566e5bd]" name="closeBrowser" is-config="true" duration-ms="2486" started-at="2016-11-21T11:52:07Z" finished-at="2016-11-21T11:52:09Z">
          <reporter-output>
          </reporter-output>
        </test-method> <!-- closeBrowser -->
        <test-method status="PASS" signature="setup()[pri:0, instance:com.myvidessa.tst.MyvidessaLoginTest@4566e5bd]" name="setup" is-config="true" duration-ms="12793" started-at="2016-11-21T11:52:09Z" finished-at="2016-11-21T11:52:22Z">
          <reporter-output>
          </reporter-output>
        </test-method> <!-- setup -->
        <test-method status="PASS" signature="loginWithValidCredentials(java.lang.String, java.lang.String)[pri:0, instance:com.myvidessa.tst.MyvidessaLoginTest@4566e5bd]" name="loginWithValidCredentials" duration-ms="13882" started-at="2016-11-21T11:52:22Z" data-provider="validlogincredentials" finished-at="2016-11-21T11:52:36Z">
          <params>
            <param index="0">
              <value>
                <![CDATA[bcgangwar411411@gmail.com]]>
              </value>
            </param>
            <param index="1">
              <value>
                <![CDATA[Birjesh012@]]>
              </value>
            </param>
          </params>
          <reporter-output>
          </reporter-output>
        </test-method> <!-- loginWithValidCredentials -->
        <test-method status="PASS" signature="closeBrowser()[pri:0, instance:com.myvidessa.tst.MyvidessaLoginTest@4566e5bd]" name="closeBrowser" is-config="true" duration-ms="1724" started-at="2016-11-21T11:52:36Z" finished-at="2016-11-21T11:52:38Z">
          <reporter-output>
          </reporter-output>
        </test-method> <!-- closeBrowser -->
        <test-method status="PASS" signature="setup()[pri:0, instance:com.myvidessa.tst.MyvidessaLoginTest@4566e5bd]" name="setup" is-config="true" duration-ms="12195" started-at="2016-11-21T11:52:38Z" finished-at="2016-11-21T11:52:50Z">
          <reporter-output>
          </reporter-output>
        </test-method> <!-- setup -->
        <test-method status="PASS" signature="loginWithInvalidCredentials(java.lang.String, java.lang.String)[pri:1, instance:com.myvidessa.tst.MyvidessaLoginTest@4566e5bd]" name="loginWithInvalidCredentials" duration-ms="4697" started-at="2016-11-21T11:52:50Z" data-provider="inavlidloginCredentials" finished-at="2016-11-21T11:52:55Z">
          <params>
            <param index="0">
              <value>
                <![CDATA[ruchi@samitsolutions.com]]>
              </value>
            </param>
            <param index="1">
              <value>
                <![CDATA[12345]]>
              </value>
            </param>
          </params>
          <reporter-output>
          </reporter-output>
        </test-method> <!-- loginWithInvalidCredentials -->
        <test-method status="PASS" signature="closeBrowser()[pri:0, instance:com.myvidessa.tst.MyvidessaLoginTest@4566e5bd]" name="closeBrowser" is-config="true" duration-ms="1488" started-at="2016-11-21T11:52:55Z" finished-at="2016-11-21T11:52:56Z">
          <reporter-output>
          </reporter-output>
        </test-method> <!-- closeBrowser -->
        <test-method status="PASS" signature="setup()[pri:0, instance:com.myvidessa.tst.MyvidessaLoginTest@4566e5bd]" name="setup" is-config="true" duration-ms="12335" started-at="2016-11-21T11:52:56Z" finished-at="2016-11-21T11:53:08Z">
          <reporter-output>
          </reporter-output>
        </test-method> <!-- setup -->
        <test-method status="PASS" signature="loginWithInvalidCredentials(java.lang.String, java.lang.String)[pri:1, instance:com.myvidessa.tst.MyvidessaLoginTest@4566e5bd]" name="loginWithInvalidCredentials" duration-ms="4468" started-at="2016-11-21T11:53:08Z" data-provider="inavlidloginCredentials" finished-at="2016-11-21T11:53:13Z">
          <params>
            <param index="0">
              <value>
                <![CDATA[abcd@gmail.com]]>
              </value>
            </param>
            <param index="1">
              <value>
                <![CDATA[Birjesh012@]]>
              </value>
            </param>
          </params>
          <reporter-output>
          </reporter-output>
        </test-method> <!-- loginWithInvalidCredentials -->
        <test-method status="PASS" signature="closeBrowser()[pri:0, instance:com.myvidessa.tst.MyvidessaLoginTest@4566e5bd]" name="closeBrowser" is-config="true" duration-ms="1535" started-at="2016-11-21T11:53:13Z" finished-at="2016-11-21T11:53:15Z">
          <reporter-output>
          </reporter-output>
        </test-method> <!-- closeBrowser -->
      </class> <!-- com.myvidessa.tst.MyvidessaLoginTest -->
    </test> <!-- Test -->
    <test name="Test1" duration-ms="24727" started-at="2016-11-21T06:23:15Z" finished-at="2016-11-21T06:23:40Z">
      <class name="com.myvidessa.tst.MyvidessaAddProviderTest">
        <test-method status="PASS" signature="setup()[pri:0, instance:com.myvidessa.tst.MyvidessaAddProviderTest@31dc339b]" name="setup" is-config="true" duration-ms="10465" started-at="2016-11-21T11:53:15Z" finished-at="2016-11-21T11:53:26Z">
          <reporter-output>
          </reporter-output>
        </test-method> <!-- setup -->
        <test-method status="PASS" signature="addProviderWithNoDataFilled()[pri:0, instance:com.myvidessa.tst.MyvidessaAddProviderTest@31dc339b]" name="addProviderWithNoDataFilled" duration-ms="8062" started-at="2016-11-21T11:53:26Z" finished-at="2016-11-21T11:53:34Z">
          <reporter-output>
          </reporter-output>
        </test-method> <!-- addProviderWithNoDataFilled -->
        <test-method status="PASS" signature="addProviderWithValidData(int, java.lang.String, java.lang.String, java.lang.String, java.lang.String, java.lang.String, java.lang.String, java.lang.String, java.lang.String, java.lang.String, java.lang.String, java.lang.String, java.lang.String, java.lang.String, int, java.lang.String)[pri:1, instance:com.myvidessa.tst.MyvidessaAddProviderTest@31dc339b]" name="addProviderWithValidData" duration-ms="2066" started-at="2016-11-21T11:53:34Z" data-provider="validDataToAddProvider" finished-at="2016-11-21T11:53:36Z">
          <params>
            <param index="0">
              <value>
                <![CDATA[1]]>
              </value>
            </param>
            <param index="1">
              <value>
                <![CDATA[Testfnameta]]>
              </value>
            </param>
            <param index="2">
              <value>
                <![CDATA[Testmnamele]]>
              </value>
            </param>
            <param index="3">
              <value>
                <![CDATA[Testlnamekt]]>
              </value>
            </param>
            <param index="4">
              <value>
                <![CDATA[testemail@gfg.co]]>
              </value>
            </param>
            <param index="5">
              <value>
                <![CDATA[1123123428]]>
              </value>
            </param>
            <param index="6">
              <value>
                <![CDATA[1123764928]]>
              </value>
            </param>
            <param index="7">
              <value>
                <![CDATA[Testnpinameaa]]>
              </value>
            </param>
            <param index="8">
              <value>
                <![CDATA[Testfacnameel]]>
              </value>
            </param>
            <param index="9">
              <value>
                <![CDATA[1123123403]]>
              </value>
            </param>
            <param index="10">
              <value>
                <![CDATA[1123123495]]>
              </value>
            </param>
            <param index="11">
              <value>
                <![CDATA[Testaddline1et]]>
              </value>
            </param>
            <param index="12">
              <value>
                <![CDATA[Testaddline2hh]]>
              </value>
            </param>
            <param index="13">
              <value>
                <![CDATA[Testcta]]>
              </value>
            </param>
            <param index="14">
              <value>
                <![CDATA[4]]>
              </value>
            </param>
            <param index="15">
              <value>
                <![CDATA[12347]]>
              </value>
            </param>
          </params>
          <reporter-output>
          </reporter-output>
        </test-method> <!-- addProviderWithValidData -->
        <test-method status="PASS" signature="addProviderWithSomeInvalidData(int, java.lang.String, java.lang.String, java.lang.String, java.lang.String, java.lang.String, java.lang.String, java.lang.String, java.lang.String, java.lang.String, java.lang.String, java.lang.String, java.lang.String, java.lang.String, int, java.lang.String)[pri:2, instance:com.myvidessa.tst.MyvidessaAddProviderTest@31dc339b]" name="addProviderWithSomeInvalidData" duration-ms="2064" started-at="2016-11-21T11:53:36Z" data-provider="InvalidDataToAddProvider" finished-at="2016-11-21T11:53:38Z">
          <params>
            <param index="0">
              <value>
                <![CDATA[3]]>
              </value>
            </param>
            <param index="1">
              <value>
                <![CDATA[Testfnameft]]>
              </value>
            </param>
            <param index="2">
              <value>
                <![CDATA[Testmnamehs]]>
              </value>
            </param>
            <param index="3">
              <value>
                <![CDATA[Testlnameel]]>
              </value>
            </param>
            <param index="4">
              <value>
                <![CDATA[testemail@ies]]>
              </value>
            </param>
            <param index="5">
              <value>
                <![CDATA[112312341]]>
              </value>
            </param>
            <param index="6">
              <value>
                <![CDATA[1123764927]]>
              </value>
            </param>
            <param index="7">
              <value>
                <![CDATA[Testnpinamehh]]>
              </value>
            </param>
            <param index="8">
              <value>
                <![CDATA[Testfacnamess]]>
              </value>
            </param>
            <param index="9">
              <value>
                <![CDATA[112312341]]>
              </value>
            </param>
            <param index="10">
              <value>
                <![CDATA[1123123492]]>
              </value>
            </param>
            <param index="11">
              <value>
                <![CDATA[Testaddline1al]]>
              </value>
            </param>
            <param index="12">
              <value>
                <![CDATA[Testaddline2ii]]>
              </value>
            </param>
            <param index="13">
              <value>
                <![CDATA[Testcke]]>
              </value>
            </param>
            <param index="14">
              <value>
                <![CDATA[2]]>
              </value>
            </param>
            <param index="15">
              <value>
                <![CDATA[12341]]>
              </value>
            </param>
          </params>
          <reporter-output>
          </reporter-output>
        </test-method> <!-- addProviderWithSomeInvalidData -->
        <test-method status="PASS" signature="tearDown()[pri:0, instance:com.myvidessa.tst.MyvidessaAddProviderTest@31dc339b]" name="tearDown" is-config="true" duration-ms="2058" started-at="2016-11-21T11:53:38Z" finished-at="2016-11-21T11:53:40Z">
          <reporter-output>
          </reporter-output>
        </test-method> <!-- tearDown -->
      </class> <!-- com.myvidessa.tst.MyvidessaAddProviderTest -->
    </test> <!-- Test1 -->
  </suite> <!-- Suite -->
</testng-results>
