<?xml version="1.0" encoding="UTF-8"?>
<!-- Generated by org.testng.reporters.JUnitXMLReporter -->
<testsuite hostname="Lenovo-PC" name="Default test" tests="3" failures="0" timestamp="21 Nov 2016 04:26:43 GMT" time="43.341" errors="0">
  <testcase name="addProviderWithNoDataFilled" time="8.451" classname="com.myvidessa.tst.MyvidessaAddProviderTest"/>
  <testcase name="addProviderWithValidData" time="6.706" classname="com.myvidessa.tst.MyvidessaAddProviderTest"/>
  <testcase name="addProviderWithSomeInvalidData" time="7.97" classname="com.myvidessa.tst.MyvidessaAddProviderTest"/>
</testsuite> <!-- Default test -->
