<?xml version="1.0" encoding="UTF-8"?>
<!-- Generated by org.testng.reporters.JUnitXMLReporter -->
<testsuite hostname="Lenovo-PC" name="Test" tests="4" failures="0" timestamp="21 Nov 2016 06:23:15 GMT" time="107.086" errors="0">
  <testcase name="loginWithValidCredentials" time="22.285" classname="com.myvidessa.tst.MyvidessaLoginTest"/>
  <testcase name="loginWithValidCredentials" time="13.882" classname="com.myvidessa.tst.MyvidessaLoginTest"/>
  <testcase name="loginWithInvalidCredentials" time="4.697" classname="com.myvidessa.tst.MyvidessaLoginTest"/>
  <testcase name="loginWithInvalidCredentials" time="4.468" classname="com.myvidessa.tst.MyvidessaLoginTest"/>
</testsuite> <!-- Test -->
